Arguments: 
  /usr/local/bin/node /usr/bin/yarn add create-react-app 02-dtmoney --template typescript

PATH: 
  /home/lucas-pc/.yarn/bin:/home/lucas-pc/.yarn/bin:/home/lucas-pc/.local/bin:/usr/local/sbin:/usr/local/bin:/usr/bin:/usr/lib/jvm/default/bin:/usr/bin/site_perl:/usr/bin/vendor_perl:/usr/bin/core_perl:/var/lib/snapd/snap/bin:/home/lucas-pc/Android/Sdk/emulator:/home/lucas-pc/Android/Sdk/tools:/home/lucas-pc/Android/Sdk/tools/bin:/home/lucas-pc/Android/Sdk/platform-tools:/home/lucas-pc/android-studio/bin:/home/lucas-pc/.yarn/bin

Yarn version: 
  1.22.10

Node version: 
  14.15.1

Platform: 
  linux x64

Trace: 
  Error: https://registry.yarnpkg.com/02-dtmoney: Not found
      at Request.params.callback [as _callback] (/usr/lib/node_modules/yarn/lib/cli.js:66988:18)
      at Request.self.callback (/usr/lib/node_modules/yarn/lib/cli.js:140749:22)
      at Request.emit (events.js:315:20)
      at Request.<anonymous> (/usr/lib/node_modules/yarn/lib/cli.js:141721:10)
      at Request.emit (events.js:315:20)
      at IncomingMessage.<anonymous> (/usr/lib/node_modules/yarn/lib/cli.js:141643:12)
      at Object.onceWrapper (events.js:421:28)
      at IncomingMessage.emit (events.js:327:22)
      at endReadableNT (_stream_readable.js:1327:12)
      at processTicksAndRejections (internal/process/task_queues.js:80:21)

npm manifest: 
  No manifest

yarn manifest: 
  No manifest

Lockfile: 
  No lockfile
